# JRE version: OpenJDK Runtime Environment (8.0_242-b01) (build 1.8.0_242-release-1644-b01)
# Java VM: OpenJDK 64-Bit Server VM (25.242-b01 mixed mode windows-amd64 compressed oops)
Heap:
 PSYoungGen      total 190464K, used 79142K [0x00000000d5580000, 0x00000000e4580000, 0x0000000100000000)
  eden space 171008K, 46% used [0x00000000d5580000,0x00000000da2c9850,0x00000000dfc80000)
  from space 19456K, 0% used [0x00000000e3280000,0x00000000e3280000,0x00000000e4580000)
  to   space 13312K, 0% used [0x00000000dfc80000,0x00000000dfc80000,0x00000000e0980000)
 ParOldGen       total 150016K, used 29412K [0x0000000080000000, 0x0000000089280000, 0x00000000d5580000)
  object space 150016K, 19% used [0x0000000080000000,0x0000000081cb9030,0x0000000089280000)
 Metaspace       used 59528K, capacity 61874K, committed 61992K, reserved 1101824K
  class space    used 8191K, capacity 8740K, committed 8744K, reserved 1048576K
GC Heap History (10 events):
Event: 3.601 GC heap before
{Heap before GC invocations=9 (full 2):
 PSYoungGen      total 118784K, used 8734K [0x00000000d5580000, 0x00000000e1680000, 0x0000000100000000)
  eden space 106496K, 0% used [0x00000000d5580000,0x00000000d5580000,0x00000000dbd80000)
  from space 12288K, 71% used [0x00000000dbd80000,0x00000000dc607bb8,0x00000000dc980000)
  to   space 11776K, 0% used [0x00000000e0b00000,0x00000000e0b00000,0x00000000e1680000)
 ParOldGen       total 100864K, used 7679K [0x0000000080000000, 0x0000000086280000, 0x00000000d5580000)
  object space 100864K, 7% used [0x0000000080000000,0x000000008077fe80,0x0000000086280000)
 Metaspace       used 34518K, capacity 35406K, committed 35496K, reserved 1079296K
  class space    used 4728K, capacity 4974K, committed 5032K, reserved 1048576K
Event: 3.625 GC heap after
Heap after GC invocations=9 (full 2):
 PSYoungGen      total 118784K, used 0K [0x00000000d5580000, 0x00000000e1680000, 0x0000000100000000)
  eden space 106496K, 0% used [0x00000000d5580000,0x00000000d5580000,0x00000000dbd80000)
  from space 12288K, 0% used [0x00000000dbd80000,0x00000000dbd80000,0x00000000dc980000)
  to   space 11776K, 0% used [0x00000000e0b00000,0x00000000e0b00000,0x00000000e1680000)
 ParOldGen       total 150016K, used 15563K [0x0000000080000000, 0x0000000089280000, 0x00000000d5580000)
  object space 150016K, 10% used [0x0000000080000000,0x0000000080f32f70,0x0000000089280000)
 Metaspace       used 34518K, capacity 35406K, committed 35496K, reserved 1079296K
  class space    used 4728K, capacity 4974K, committed 5032K, reserved 1048576K
}
Event: 4.552 GC heap before
{Heap before GC invocations=10 (full 2):
 PSYoungGen      total 118784K, used 106496K [0x00000000d5580000, 0x00000000e1680000, 0x0000000100000000)
  eden space 106496K, 100% used [0x00000000d5580000,0x00000000dbd80000,0x00000000dbd80000)
  from space 12288K, 0% used [0x00000000dbd80000,0x00000000dbd80000,0x00000000dc980000)
  to   space 11776K, 0% used [0x00000000e0b00000,0x00000000e0b00000,0x00000000e1680000)
 ParOldGen       total 150016K, used 15563K [0x0000000080000000, 0x0000000089280000, 0x00000000d5580000)
  object space 150016K, 10% used [0x0000000080000000,0x0000000080f32f70,0x0000000089280000)
 Metaspace       used 43123K, capacity 44684K, committed 44968K, reserved 1087488K
  class space    used 5849K, capacity 6226K, committed 6312K, reserved 1048576K
Event: 4.558 GC heap after
Heap after GC invocations=10 (full 2):
 PSYoungGen      total 172032K, used 11760K [0x00000000d5580000, 0x00000000e1680000, 0x0000000100000000)
  eden space 160256K, 0% used [0x00000000d5580000,0x00000000d5580000,0x00000000df200000)
  from space 11776K, 99% used [0x00000000e0b00000,0x00000000e167c168,0x00000000e1680000)
  to   space 13312K, 0% used [0x00000000dfc80000,0x00000000dfc80000,0x00000000e0980000)
 ParOldGen       total 150016K, used 16397K [0x0000000080000000, 0x0000000089280000, 0x00000000d5580000)
  object space 150016K, 10% used [0x0000000080000000,0x0000000081003740,0x0000000089280000)
 Metaspace       used 43123K, capacity 44684K, committed 44968K, reserved 1087488K
  class space    used 5849K, capacity 6226K, committed 6312K, reserved 1048576K
}
Event: 5.929 GC heap before
{Heap before GC invocations=11 (full 2):
 PSYoungGen      total 172032K, used 172016K [0x00000000d5580000, 0x00000000e1680000, 0x0000000100000000)
  eden space 160256K, 100% used [0x00000000d5580000,0x00000000df200000,0x00000000df200000)
  from space 11776K, 99% used [0x00000000e0b00000,0x00000000e167c168,0x00000000e1680000)
  to   space 13312K, 0% used [0x00000000dfc80000,0x00000000dfc80000,0x00000000e0980000)
 ParOldGen       total 150016K, used 16397K [0x0000000080000000, 0x0000000089280000, 0x00000000d5580000)
  object space 150016K, 10% used [0x0000000080000000,0x0000000081003740,0x0000000089280000)
 Metaspace       used 56447K, capacity 58626K, committed 58664K, reserved 1099776K
  class space    used 7752K, capacity 8214K, committed 8232K, reserved 1048576K
Event: 5.944 GC heap after
Heap after GC invocations=11 (full 2):
 PSYoungGen      total 184320K, used 13300K [0x00000000d5580000, 0x00000000e4580000, 0x0000000100000000)
  eden space 171008K, 0% used [0x00000000d5580000,0x00000000d5580000,0x00000000dfc80000)
  from space 13312K, 99% used [0x00000000dfc80000,0x00000000e097d300,0x00000000e0980000)
  to   space 19456K, 0% used [0x00000000e3280000,0x00000000e3280000,0x00000000e4580000)
 ParOldGen       total 150016K, used 28482K [0x0000000080000000, 0x0000000089280000, 0x00000000d5580000)
  object space 150016K, 18% used [0x0000000080000000,0x0000000081bd0a20,0x0000000089280000)
 Metaspace       used 56447K, capacity 58626K, committed 58664K, reserved 1099776K
  class space    used 7752K, capacity 8214K, committed 8232K, reserved 1048576K
}
Event: 5.980 GC heap before
{Heap before GC invocations=12 (full 2):
 PSYoungGen      total 184320K, used 19826K [0x00000000d5580000, 0x00000000e4580000, 0x0000000100000000)
  eden space 171008K, 3% used [0x00000000d5580000,0x00000000d5bdf628,0x00000000dfc80000)
  from space 13312K, 99% used [0x00000000dfc80000,0x00000000e097d300,0x00000000e0980000)
  to   space 19456K, 0% used [0x00000000e3280000,0x00000000e3280000,0x00000000e4580000)
 ParOldGen       total 150016K, used 28482K [0x0000000080000000, 0x0000000089280000, 0x00000000d5580000)
  object space 150016K, 18% used [0x0000000080000000,0x0000000081bd0a20,0x0000000089280000)
 Metaspace       used 56857K, capacity 59022K, committed 59160K, reserved 1099776K
  class space    used 7808K, capacity 8280K, committed 8360K, reserved 1048576K
Event: 5.988 GC heap after
Heap after GC invocations=12 (full 2):
 PSYoungGen      total 190464K, used 8292K [0x00000000d5580000, 0x00000000e4580000, 0x0000000100000000)
  eden space 171008K, 0% used [0x00000000d5580000,0x00000000d5580000,0x00000000dfc80000)
  from space 19456K, 42% used [0x00000000e3280000,0x00000000e3a99310,0x00000000e4580000)
  to   space 13312K, 0% used [0x00000000dfc80000,0x00000000dfc80000,0x00000000e0980000)
 ParOldGen       total 150016K, used 34176K [0x0000000080000000, 0x0000000089280000, 0x00000000d5580000)
  object space 150016K, 22% used [0x0000000080000000,0x00000000821601f0,0x0000000089280000)
 Metaspace       used 56857K, capacity 59022K, committed 59160K, reserved 1099776K
  class space    used 7808K, capacity 8280K, committed 8360K, reserved 1048576K
}
Event: 5.988 GC heap before
{Heap before GC invocations=13 (full 3):
 PSYoungGen      total 190464K, used 8292K [0x00000000d5580000, 0x00000000e4580000, 0x0000000100000000)
  eden space 171008K, 0% used [0x00000000d5580000,0x00000000d5580000,0x00000000dfc80000)
  from space 19456K, 42% used [0x00000000e3280000,0x00000000e3a99310,0x00000000e4580000)
  to   space 13312K, 0% used [0x00000000dfc80000,0x00000000dfc80000,0x00000000e0980000)
 ParOldGen       total 150016K, used 34176K [0x0000000080000000, 0x0000000089280000, 0x00000000d5580000)
  object space 150016K, 22% used [0x0000000080000000,0x00000000821601f0,0x0000000089280000)
 Metaspace       used 56857K, capacity 59022K, committed 59160K, reserved 1099776K
  class space    used 7808K, capacity 8280K, committed 8360K, reserved 1048576K
Event: 6.145 GC heap after
Heap after GC invocations=13 (full 3):
 PSYoungGen      total 190464K, used 0K [0x00000000d5580000, 0x00000000e4580000, 0x0000000100000000)
  eden space 171008K, 0% used [0x00000000d5580000,0x00000000d5580000,0x00000000dfc80000)
  from space 19456K, 0% used [0x00000000e3280000,0x00000000e3280000,0x00000000e4580000)
  to   space 13312K, 0% used [0x00000000dfc80000,0x00000000dfc80000,0x00000000e0980000)
 ParOldGen       total 150016K, used 29412K [0x0000000080000000, 0x0000000089280000, 0x00000000d5580000)
  object space 150016K, 19% used [0x0000000080000000,0x0000000081cb9030,0x0000000089280000)
 Metaspace       used 56794K, capacity 58806K, committed 59160K, reserved 1099776K
  class space    used 7789K, capacity 8244K, committed 8360K, reserved 1048576K
}

