# JRE version: OpenJDK Runtime Environment (8.0_242-b01) (build 1.8.0_242-release-1644-b01)
# Java VM: OpenJDK 64-Bit Server VM (25.242-b01 mixed mode windows-amd64 compressed oops)
Heap:
 PSYoungGen      total 219136K, used 19427K [0x00000000d5580000, 0x00000000e3a00000, 0x0000000100000000)
  eden space 204288K, 2% used [0x00000000d5580000,0x00000000d59f9148,0x00000000e1d00000)
  from space 14848K, 99% used [0x00000000e1d00000,0x00000000e2b7fd68,0x00000000e2b80000)
  to   space 12800K, 0% used [0x00000000e2d80000,0x00000000e2d80000,0x00000000e3a00000)
 ParOldGen       total 156160K, used 25098K [0x0000000080000000, 0x0000000089880000, 0x00000000d5580000)
  object space 156160K, 16% used [0x0000000080000000,0x0000000081882890,0x0000000089880000)
 Metaspace       used 50762K, capacity 52512K, committed 52776K, reserved 1095680K
  class space    used 6799K, capacity 7181K, committed 7216K, reserved 1048576K
GC Heap History (10 events):
Event: 2.188 GC heap before
{Heap before GC invocations=5 (full 1):
 PSYoungGen      total 140800K, used 7878K [0x00000000d5580000, 0x00000000de980000, 0x0000000100000000)
  eden space 130048K, 0% used [0x00000000d5580000,0x00000000d5580000,0x00000000dd480000)
  from space 10752K, 73% used [0x00000000ddf00000,0x00000000de6b1a10,0x00000000de980000)
  to   space 10752K, 0% used [0x00000000dd480000,0x00000000dd480000,0x00000000ddf00000)
 ParOldGen       total 173568K, used 1395K [0x0000000080000000, 0x000000008a980000, 0x00000000d5580000)
  object space 173568K, 0% used [0x0000000080000000,0x000000008015cf78,0x000000008a980000)
 Metaspace       used 20588K, capacity 21240K, committed 21296K, reserved 1067008K
  class space    used 2878K, capacity 3088K, committed 3120K, reserved 1048576K
Event: 2.216 GC heap after
Heap after GC invocations=5 (full 1):
 PSYoungGen      total 140800K, used 0K [0x00000000d5580000, 0x00000000de980000, 0x0000000100000000)
  eden space 130048K, 0% used [0x00000000d5580000,0x00000000d5580000,0x00000000dd480000)
  from space 10752K, 0% used [0x00000000ddf00000,0x00000000ddf00000,0x00000000de980000)
  to   space 10752K, 0% used [0x00000000dd480000,0x00000000dd480000,0x00000000ddf00000)
 ParOldGen       total 99328K, used 7651K [0x0000000080000000, 0x0000000086100000, 0x00000000d5580000)
  object space 99328K, 7% used [0x0000000080000000,0x0000000080778c98,0x0000000086100000)
 Metaspace       used 20588K, capacity 21240K, committed 21296K, reserved 1067008K
  class space    used 2878K, capacity 3088K, committed 3120K, reserved 1048576K
}
Event: 3.349 GC heap before
{Heap before GC invocations=6 (full 1):
 PSYoungGen      total 140800K, used 130048K [0x00000000d5580000, 0x00000000de980000, 0x0000000100000000)
  eden space 130048K, 100% used [0x00000000d5580000,0x00000000dd480000,0x00000000dd480000)
  from space 10752K, 0% used [0x00000000ddf00000,0x00000000ddf00000,0x00000000de980000)
  to   space 10752K, 0% used [0x00000000dd480000,0x00000000dd480000,0x00000000ddf00000)
 ParOldGen       total 99328K, used 7651K [0x0000000080000000, 0x0000000086100000, 0x00000000d5580000)
  object space 99328K, 7% used [0x0000000080000000,0x0000000080778c98,0x0000000086100000)
 Metaspace       used 31991K, capacity 32824K, committed 33072K, reserved 1077248K
  class space    used 4353K, capacity 4578K, committed 4656K, reserved 1048576K
Event: 3.359 GC heap after
Heap after GC invocations=6 (full 1):
 PSYoungGen      total 140800K, used 10737K [0x00000000d5580000, 0x00000000e3c80000, 0x0000000100000000)
  eden space 130048K, 0% used [0x00000000d5580000,0x00000000d5580000,0x00000000dd480000)
  from space 10752K, 99% used [0x00000000dd480000,0x00000000ddefc478,0x00000000ddf00000)
  to   space 15360K, 0% used [0x00000000e2d80000,0x00000000e2d80000,0x00000000e3c80000)
 ParOldGen       total 99328K, used 10217K [0x0000000080000000, 0x0000000086100000, 0x00000000d5580000)
  object space 99328K, 10% used [0x0000000080000000,0x00000000809fa5c0,0x0000000086100000)
 Metaspace       used 31991K, capacity 32824K, committed 33072K, reserved 1077248K
  class space    used 4353K, capacity 4578K, committed 4656K, reserved 1048576K
}
Event: 3.685 GC heap before
{Heap before GC invocations=7 (full 1):
 PSYoungGen      total 140800K, used 63155K [0x00000000d5580000, 0x00000000e3c80000, 0x0000000100000000)
  eden space 130048K, 40% used [0x00000000d5580000,0x00000000d88b0840,0x00000000dd480000)
  from space 10752K, 99% used [0x00000000dd480000,0x00000000ddefc478,0x00000000ddf00000)
  to   space 15360K, 0% used [0x00000000e2d80000,0x00000000e2d80000,0x00000000e3c80000)
 ParOldGen       total 99328K, used 10217K [0x0000000080000000, 0x0000000086100000, 0x00000000d5580000)
  object space 99328K, 10% used [0x0000000080000000,0x00000000809fa5c0,0x0000000086100000)
 Metaspace       used 34539K, capacity 35410K, committed 35496K, reserved 1079296K
  class space    used 4734K, capacity 4974K, committed 5040K, reserved 1048576K
Event: 3.690 GC heap after
Heap after GC invocations=7 (full 1):
 PSYoungGen      total 217088K, used 9025K [0x00000000d5580000, 0x00000000e3a00000, 0x0000000100000000)
  eden space 204288K, 0% used [0x00000000d5580000,0x00000000d5580000,0x00000000e1d00000)
  from space 12800K, 70% used [0x00000000e2d80000,0x00000000e3650760,0x00000000e3a00000)
  to   space 14848K, 0% used [0x00000000e1d00000,0x00000000e1d00000,0x00000000e2b80000)
 ParOldGen       total 99328K, used 10225K [0x0000000080000000, 0x0000000086100000, 0x00000000d5580000)
  object space 99328K, 10% used [0x0000000080000000,0x00000000809fc5c0,0x0000000086100000)
 Metaspace       used 34539K, capacity 35410K, committed 35496K, reserved 1079296K
  class space    used 4734K, capacity 4974K, committed 5040K, reserved 1048576K
}
Event: 3.690 GC heap before
{Heap before GC invocations=8 (full 2):
 PSYoungGen      total 217088K, used 9025K [0x00000000d5580000, 0x00000000e3a00000, 0x0000000100000000)
  eden space 204288K, 0% used [0x00000000d5580000,0x00000000d5580000,0x00000000e1d00000)
  from space 12800K, 70% used [0x00000000e2d80000,0x00000000e3650760,0x00000000e3a00000)
  to   space 14848K, 0% used [0x00000000e1d00000,0x00000000e1d00000,0x00000000e2b80000)
 ParOldGen       total 99328K, used 10225K [0x0000000080000000, 0x0000000086100000, 0x00000000d5580000)
  object space 99328K, 10% used [0x0000000080000000,0x00000000809fc5c0,0x0000000086100000)
 Metaspace       used 34539K, capacity 35410K, committed 35496K, reserved 1079296K
  class space    used 4734K, capacity 4974K, committed 5040K, reserved 1048576K
Event: 3.728 GC heap after
Heap after GC invocations=8 (full 2):
 PSYoungGen      total 217088K, used 0K [0x00000000d5580000, 0x00000000e3a00000, 0x0000000100000000)
  eden space 204288K, 0% used [0x00000000d5580000,0x00000000d5580000,0x00000000e1d00000)
  from space 12800K, 0% used [0x00000000e2d80000,0x00000000e2d80000,0x00000000e3a00000)
  to   space 14848K, 0% used [0x00000000e1d00000,0x00000000e1d00000,0x00000000e2b80000)
 ParOldGen       total 156160K, used 15765K [0x0000000080000000, 0x0000000089880000, 0x00000000d5580000)
  object space 156160K, 10% used [0x0000000080000000,0x0000000080f65558,0x0000000089880000)
 Metaspace       used 34539K, capacity 35410K, committed 35496K, reserved 1079296K
  class space    used 4734K, capacity 4974K, committed 5040K, reserved 1048576K
}
Event: 6.013 GC heap before
{Heap before GC invocations=9 (full 2):
 PSYoungGen      total 217088K, used 204288K [0x00000000d5580000, 0x00000000e3a00000, 0x0000000100000000)
  eden space 204288K, 100% used [0x00000000d5580000,0x00000000e1d00000,0x00000000e1d00000)
  from space 12800K, 0% used [0x00000000e2d80000,0x00000000e2d80000,0x00000000e3a00000)
  to   space 14848K, 0% used [0x00000000e1d00000,0x00000000e1d00000,0x00000000e2b80000)
 ParOldGen       total 156160K, used 15765K [0x0000000080000000, 0x0000000089880000, 0x00000000d5580000)
  object space 156160K, 10% used [0x0000000080000000,0x0000000080f65558,0x0000000089880000)
 Metaspace       used 50444K, capacity 52204K, committed 52264K, reserved 1093632K
  class space    used 6759K, capacity 7167K, committed 7216K, reserved 1048576K
Event: 6.030 GC heap after
Heap after GC invocations=9 (full 2):
 PSYoungGen      total 219136K, used 14847K [0x00000000d5580000, 0x00000000e3a00000, 0x0000000100000000)
  eden space 204288K, 0% used [0x00000000d5580000,0x00000000d5580000,0x00000000e1d00000)
  from space 14848K, 99% used [0x00000000e1d00000,0x00000000e2b7fd68,0x00000000e2b80000)
  to   space 12800K, 0% used [0x00000000e2d80000,0x00000000e2d80000,0x00000000e3a00000)
 ParOldGen       total 156160K, used 25098K [0x0000000080000000, 0x0000000089880000, 0x00000000d5580000)
  object space 156160K, 16% used [0x0000000080000000,0x0000000081882890,0x0000000089880000)
 Metaspace       used 50444K, capacity 52204K, committed 52264K, reserved 1093632K
  class space    used 6759K, capacity 7167K, committed 7216K, reserved 1048576K
}

